version: (200506)

available memory: 64M bytes
used memory: 90112 bytes [need 88K bytes if disable swap]

used block: 4 [memory(4) file(0)]
                 [ 8K(3) 64K(1) { total 88K bytes } ]
overhead: (9522) bytes for (4) blocks [Average: (2380) bytes/block]

write  => 0(times) 0K(bytes) [0K bytes to file]
read   => 1(times) 29K(bytes) [4K bytes compressed data from file]
access => 67307(times) 532M(bytes)
          [hit ratio: 99.9985%]

time: write(0) read(0)  unit: second

swap file directory: (/home/ICer/ic_prjs/I2C/sim/verdiLog)
used swap file number: (1)



swap file manager:
arrSize: (256)
idxCnt: (3)
closeHead: (1)
closeTail: (2)
openCnt: (2)
fid(2): fd(29) fileName(/home/ICer/ic_prjs/I2C/sim/verdiLog/_swap_0001#8323328#126407)
	size(0) lastModTime(0) curModTime(1723778834)
	mode(w+b)	hot(0) cool(1) pos(0)
fid(1): fd(1073741824) fileName(/home/ICer/ic_prjs/I2C/sim/simv.daidir/kdb.elab++/work.lib++/i2c_tb.v.tdc)
	size(8917) lastModTime(1723778362) curModTime(1723778362)
	mode(rb)	hot(2) cool(0) pos(0)
fid(0): fd(0) fileName(NULL)
	mode(NULL)	hot(0) cool(0) pos(0)
==================================================
mySelf(15363340) pre(15354cb0) next(0)
version(200506)
date(Sep 28 2018 10:00:16)
